
    Timestamp: 1652796022.178363
    Accessed Time: 2022-05-18 00:00:22.178363
    Client: 127.0.0.1:55081
    
    Request: GET /v1/locations/
    Request Query Param: None
    Request Path Param: None
   
    Response Code: 200
    Process Time: 0.7135138511657715
    ----------------------------------------
    
    Timestamp: 1652796022.980517
    Accessed Time: 2022-05-18 00:00:22.980517
    Client: 127.0.0.1:55081
    
    Request: GET /v1/users/saved
    Request Query Param: None
    Request Path Param: None
   
    Response Code: 200
    Process Time: 0.019839048385620117
    ----------------------------------------
    
    Timestamp: 1652796050.330812
    Accessed Time: 2022-05-18 00:00:50.330812
    Client: 127.0.0.1:55182
    
    Request: GET /v1/trips
    Request Query Param: None
    Request Path Param: None
   
    Response Code: 307
    Process Time: 0.0008099079132080078
    ----------------------------------------
    
    Timestamp: 1652796050.337768
    Accessed Time: 2022-05-18 00:00:50.337768
    Client: 127.0.0.1:55182
    
    Request: GET /v1/trips/
    Request Query Param: None
    Request Path Param: None
   
    Response Code: 200
    Process Time: 0.05853080749511719
    ----------------------------------------
    
    Timestamp: 1652796071.230772
    Accessed Time: 2022-05-18 00:01:11.230772
    Client: 127.0.0.1:55194
    
    Request: GET /v1/users/saved
    Request Query Param: None
    Request Path Param: None
   
    Response Code: 200
    Process Time: 0.01949906349182129
    ----------------------------------------
    
    Timestamp: 1652796071.291237
    Accessed Time: 2022-05-18 00:01:11.291237
    Client: 127.0.0.1:55194
    
    Request: GET /v1/updates/
    Request Query Param: 
			location=GR,HR,JP,IT,ES
			category=
    Request Path Param: None
   
    Response Code: 200
    Process Time: 0.027308940887451172
    ----------------------------------------
    
    Timestamp: 1652796071.319386
    Accessed Time: 2022-05-18 00:01:11.319386
    Client: 127.0.0.1:55199
    
    Request: GET /v1/locations/GR
    Request Query Param: None
    Request Path Param: 
			id=GR
   
    Response Code: 200
    Process Time: 0.19829988479614258
    ----------------------------------------
    
    Timestamp: 1652796071.319502
    Accessed Time: 2022-05-18 00:01:11.319502
    Client: 127.0.0.1:55200
    
    Request: GET /v1/locations/HR
    Request Query Param: None
    Request Path Param: 
			id=HR
   
    Response Code: 200
    Process Time: 0.19885683059692383
    ----------------------------------------
    
    Timestamp: 1652796071.319599
    Accessed Time: 2022-05-18 00:01:11.319599
    Client: 127.0.0.1:55203
    
    Request: GET /v1/locations/JP
    Request Query Param: None
    Request Path Param: 
			id=JP
   
    Response Code: 200
    Process Time: 0.19918513298034668
    ----------------------------------------
    
    Timestamp: 1652796071.319696
    Accessed Time: 2022-05-18 00:01:11.319696
    Client: 127.0.0.1:55205
    
    Request: GET /v1/locations/IT
    Request Query Param: None
    Request Path Param: 
			id=IT
   
    Response Code: 200
    Process Time: 0.19939398765563965
    ----------------------------------------
    
    Timestamp: 1652796071.319791
    Accessed Time: 2022-05-18 00:01:11.319791
    Client: 127.0.0.1:55206
    
    Request: GET /v1/locations/ES
    Request Query Param: None
    Request Path Param: 
			id=ES
   
    Response Code: 200
    Process Time: 0.19958186149597168
    ----------------------------------------
    
    Timestamp: 1652796071.582582
    Accessed Time: 2022-05-18 00:01:11.582582
    Client: 127.0.0.1:55206
    
    Request: GET /v1/locations/GR
    Request Query Param: None
    Request Path Param: 
			id=GR
   
    Response Code: 200
    Process Time: 0.03968691825866699
    ----------------------------------------
    
    Timestamp: 1652796071.655458
    Accessed Time: 2022-05-18 00:01:11.655458
    Client: 127.0.0.1:55206
    
    Request: GET /v1/locations/HR
    Request Query Param: None
    Request Path Param: 
			id=HR
   
    Response Code: 200
    Process Time: 0.03635406494140625
    ----------------------------------------
    
    Timestamp: 1652796071.694677
    Accessed Time: 2022-05-18 00:01:11.694677
    Client: 127.0.0.1:55206
    
    Request: GET /v1/locations/JP
    Request Query Param: None
    Request Path Param: 
			id=JP
   
    Response Code: 200
    Process Time: 0.037431955337524414
    ----------------------------------------
    
    Timestamp: 1652796071.734933
    Accessed Time: 2022-05-18 00:01:11.734933
    Client: 127.0.0.1:55206
    
    Request: GET /v1/locations/IT
    Request Query Param: None
    Request Path Param: 
			id=IT
   
    Response Code: 200
    Process Time: 0.03824806213378906
    ----------------------------------------
    
    Timestamp: 1652796071.776732
    Accessed Time: 2022-05-18 00:01:11.776732
    Client: 127.0.0.1:55206
    
    Request: GET /v1/locations/ES
    Request Query Param: None
    Request Path Param: 
			id=ES
   
    Response Code: 200
    Process Time: 0.03911995887756348
    ----------------------------------------
    
    Timestamp: 1652796079.932435
    Accessed Time: 2022-05-18 00:01:19.932435
    Client: 127.0.0.1:55215
    
    Request: GET /v1/updates/
    Request Query Param: 
			location=
			category=document,testing,quarantine
			start=1
			end=5
    Request Path Param: None
   
    Response Code: 200
    Process Time: 0.06921100616455078
    ----------------------------------------
    
    Timestamp: 1652796079.932589
    Accessed Time: 2022-05-18 00:01:19.932589
    Client: 127.0.0.1:55216
    
    Request: GET /v1/updates/
    Request Query Param: 
			location=
			category=mask,Others,tracing,policies
			start=1
			end=5
    Request Path Param: None
   
    Response Code: 200
    Process Time: 0.06975197792053223
    ----------------------------------------
    
    Timestamp: 1652796079.982548
    Accessed Time: 2022-05-18 00:01:19.982548
    Client: 127.0.0.1:55219
    
    Request: OPTIONS /v1/articles/
    Request Query Param: 
			start_date=2021-01-01T10:10:10
			end_date=2023-01-01T10:10:10
			key_terms=Corona
			timezone=Australia/Sydney
			start_range=1
			end_range=10
    Request Path Param: None
   
    Response Code: 200
    Process Time: 0.02098703384399414
    ----------------------------------------
    
    Timestamp: 1652796079.982695
    Accessed Time: 2022-05-18 00:01:19.982695
    Client: 127.0.0.1:55220
    
    Request: GET /v1/users/saved
    Request Query Param: None
    Request Path Param: None
   
    Response Code: 200
    Process Time: 0.02182793617248535
    ----------------------------------------
    
    Timestamp: 1652796080.002837
    Accessed Time: 2022-05-18 00:01:20.002837
    Client: 127.0.0.1:55224
    
    Request: GET /v1/cases
    Request Query Param: None
    Request Path Param: None
   
    Response Code: 307
    Process Time: 0.004263162612915039
    ----------------------------------------
    
    Timestamp: 1652796080.01029
    Accessed Time: 2022-05-18 00:01:20.010290
    Client: 127.0.0.1:55220
    
    Request: GET /v1/articles/
    Request Query Param: 
			start_date=2021-01-01T10:10:10
			end_date=2023-01-01T10:10:10
			key_terms=Corona
			timezone=Australia/Sydney
			start_range=1
			end_range=10
    Request Path Param: None
   
    Response Code: 200
    Process Time: 0.9759631156921387
    ----------------------------------------
    
    Timestamp: 1652796080.423448
    Accessed Time: 2022-05-18 00:01:20.423448
    Client: 127.0.0.1:55219
    
    Request: GET /v1/cases/
    Request Query Param: None
    Request Path Param: None
   
    Response Code: 200
    Process Time: 0.5656359195709229
    ----------------------------------------
    
    Timestamp: 1652796094.101375
    Accessed Time: 2022-05-18 00:01:34.101375
    Client: 127.0.0.1:55232
    
    Request: GET /v1/trips
    Request Query Param: None
    Request Path Param: None
   
    Response Code: 307
    Process Time: 0.0008959770202636719
    ----------------------------------------
    
    Timestamp: 1652796094.111449
    Accessed Time: 2022-05-18 00:01:34.111449
    Client: 127.0.0.1:55232
    
    Request: GET /v1/trips/
    Request Query Param: None
    Request Path Param: None
   
    Response Code: 200
    Process Time: 0.06193804740905762
    ----------------------------------------
    
    Timestamp: 1652796095.882132
    Accessed Time: 2022-05-18 00:01:35.882132
    Client: 127.0.0.1:55232
    
    Request: GET /v1/locations/
    Request Query Param: None
    Request Path Param: None
   
    Response Code: 200
    Process Time: 0.7060749530792236
    ----------------------------------------
    
    Timestamp: 1652796096.673365
    Accessed Time: 2022-05-18 00:01:36.673365
    Client: 127.0.0.1:55232
    
    Request: GET /v1/users/saved
    Request Query Param: None
    Request Path Param: None
   
    Response Code: 200
    Process Time: 0.018159866333007812
    ----------------------------------------
    
    Timestamp: 1652796326.020683
    Accessed Time: 2022-05-18 00:05:26.020683
    Client: 127.0.0.1:55314
    
    Request: GET /v1/updates/
    Request Query Param: 
			location=
			category=document,testing,quarantine
			start=1
			end=5
    Request Path Param: None
   
    Response Code: 200
    Process Time: 0.04754805564880371
    ----------------------------------------
    
    Timestamp: 1652796326.020834
    Accessed Time: 2022-05-18 00:05:26.020834
    Client: 127.0.0.1:55315
    
    Request: OPTIONS /v1/articles/
    Request Query Param: 
			start_date=2021-01-01T10:10:10
			end_date=2023-01-01T10:10:10
			key_terms=Corona
			timezone=Australia/Sydney
			start_range=1
			end_range=10
    Request Path Param: None
   
    Response Code: 200
    Process Time: 0.04812312126159668
    ----------------------------------------
    
    Timestamp: 1652796326.020932
    Accessed Time: 2022-05-18 00:05:26.020932
    Client: 127.0.0.1:55316
    
    Request: OPTIONS /v1/users/saved
    Request Query Param: None
    Request Path Param: None
   
    Response Code: 200
    Process Time: 0.04842114448547363
    ----------------------------------------
    
    Timestamp: 1652796326.04562
    Accessed Time: 2022-05-18 00:05:26.045620
    Client: 127.0.0.1:55318
    
    Request: GET /v1/updates/
    Request Query Param: 
			location=
			category=mask,Others,tracing,policies
			start=1
			end=5
    Request Path Param: None
   
    Response Code: 200
    Process Time: 0.025171995162963867
    ----------------------------------------
    
    Timestamp: 1652796326.073619
    Accessed Time: 2022-05-18 00:05:26.073619
    Client: 127.0.0.1:55321
    
    Request: GET /v1/users/saved
    Request Query Param: None
    Request Path Param: None
   
    Response Code: 200
    Process Time: 0.4224841594696045
    ----------------------------------------
    
    Timestamp: 1652796326.07385
    Accessed Time: 2022-05-18 00:05:26.073850
    Client: 127.0.0.1:55314
    
    Request: GET /v1/articles/
    Request Query Param: 
			start_date=2021-01-01T10:10:10
			end_date=2023-01-01T10:10:10
			key_terms=Corona
			timezone=Australia/Sydney
			start_range=1
			end_range=10
    Request Path Param: None
   
    Response Code: 200
    Process Time: 0.42376017570495605
    ----------------------------------------
    
    Timestamp: 1652796328.23371
    Accessed Time: 2022-05-18 00:05:28.233710
    Client: 127.0.0.1:55314
    
    Request: GET /v1/locations/
    Request Query Param: None
    Request Path Param: None
   
    Response Code: 200
    Process Time: 0.672853946685791
    ----------------------------------------
    
    Timestamp: 1652796328.994376
    Accessed Time: 2022-05-18 00:05:28.994376
    Client: 127.0.0.1:55314
    
    Request: GET /v1/users/saved
    Request Query Param: None
    Request Path Param: None
   
    Response Code: 200
    Process Time: 0.022222042083740234
    ----------------------------------------
    
    Timestamp: 1652796329.060546
    Accessed Time: 2022-05-18 00:05:29.060546
    Client: 127.0.0.1:55314
    
    Request: GET /v1/cases
    Request Query Param: None
    Request Path Param: None
   
    Response Code: 307
    Process Time: 0.0008790493011474609
    ----------------------------------------
    
    Timestamp: 1652796329.133982
    Accessed Time: 2022-05-18 00:05:29.133982
    Client: 127.0.0.1:55314
    
    Request: GET /v1/cases/
    Request Query Param: None
    Request Path Param: None
   
    Response Code: 200
    Process Time: 0.5238549709320068
    ----------------------------------------
    
    Timestamp: 1652796331.572624
    Accessed Time: 2022-05-18 00:05:31.572624
    Client: 127.0.0.1:55314
    
    Request: OPTIONS /v1/trips
    Request Query Param: None
    Request Path Param: None
   
    Response Code: 200
    Process Time: 0.0005941390991210938
    ----------------------------------------
    
    Timestamp: 1652796331.59266
    Accessed Time: 2022-05-18 00:05:31.592660
    Client: 127.0.0.1:55314
    
    Request: GET /v1/trips
    Request Query Param: None
    Request Path Param: None
   
    Response Code: 307
    Process Time: 0.0018000602722167969
    ----------------------------------------
    
    Timestamp: 1652796331.615426
    Accessed Time: 2022-05-18 00:05:31.615426
    Client: 127.0.0.1:55314
    
    Request: OPTIONS /v1/trips/
    Request Query Param: None
    Request Path Param: None
   
    Response Code: 200
    Process Time: 0.0007050037384033203
    ----------------------------------------
    
    Timestamp: 1652796331.618378
    Accessed Time: 2022-05-18 00:05:31.618378
    Client: 127.0.0.1:55314
    
    Request: GET /v1/trips/
    Request Query Param: None
    Request Path Param: None
   
    Response Code: 200
    Process Time: 0.047242164611816406
    ----------------------------------------
    
    Timestamp: 1652796340.445776
    Accessed Time: 2022-05-18 00:05:40.445776
    Client: 127.0.0.1:55337
    
    Request: OPTIONS /v1/trips/new
    Request Query Param: None
    Request Path Param: None
   
    Response Code: 200
    Process Time: 0.00039505958557128906
    ----------------------------------------
    
    Timestamp: 1652796340.448688
    Accessed Time: 2022-05-18 00:05:40.448688
    Client: 127.0.0.1:55337
    
    Request: POST /v1/trips/new
    Request Query Param: None
    Request Path Param: None
   
    Response Code: 200
    Process Time: 0.11474204063415527
    ----------------------------------------
    
    Timestamp: 1652796585.522474
    Accessed Time: 2022-05-18 00:09:45.522474
    Client: 127.0.0.1:55383
    
    Request: GET /v1/trips
    Request Query Param: None
    Request Path Param: None
   
    Response Code: 307
    Process Time: 0.0008349418640136719
    ----------------------------------------
    
    Timestamp: 1652796585.537094
    Accessed Time: 2022-05-18 00:09:45.537094
    Client: 127.0.0.1:55383
    
    Request: GET /v1/trips/
    Request Query Param: None
    Request Path Param: None
   
    Response Code: 200
    Process Time: 0.04436993598937988
    ----------------------------------------
    
    Timestamp: 1652796588.12777
    Accessed Time: 2022-05-18 00:09:48.127770
    Client: 127.0.0.1:55383
    
    Request: OPTIONS /v1/trips/142
    Request Query Param: None
    Request Path Param: None
   
    Response Code: 200
    Process Time: 0.001085042953491211
    ----------------------------------------
    
    Timestamp: 1652796588.128736
    Accessed Time: 2022-05-18 00:09:48.128736
    Client: 127.0.0.1:55387
    
    Request: OPTIONS /v1/trips/142
    Request Query Param: None
    Request Path Param: None
   
    Response Code: 200
    Process Time: 0.002003908157348633
    ----------------------------------------
    
    Timestamp: 1652796588.133034
    Accessed Time: 2022-05-18 00:09:48.133034
    Client: 127.0.0.1:55389
    
    Request: GET /v1/trips/142
    Request Query Param: None
    Request Path Param: 
			tripId=142
   
    Response Code: 200
    Process Time: 0.037956953048706055
    ----------------------------------------
    
    Timestamp: 1652796588.173911
    Accessed Time: 2022-05-18 00:09:48.173911
    Client: 127.0.0.1:55389
    
    Request: GET /v1/trips/142
    Request Query Param: None
    Request Path Param: 
			tripId=142
   
    Response Code: 200
    Process Time: 0.03895092010498047
    ----------------------------------------
    
    Timestamp: 1652796588.212274
    Accessed Time: 2022-05-18 00:09:48.212274
    Client: 127.0.0.1:55391
    
    Request: OPTIONS /v1/trips/142/owner
    Request Query Param: None
    Request Path Param: None
   
    Response Code: 200
    Process Time: 0.002652883529663086
    ----------------------------------------
    
    Timestamp: 1652796588.213638
    Accessed Time: 2022-05-18 00:09:48.213638
    Client: 127.0.0.1:55393
    
    Request: OPTIONS /v1/trips/142/members
    Request Query Param: None
    Request Path Param: None
   
    Response Code: 200
    Process Time: 0.0026369094848632812
    ----------------------------------------
    
    Timestamp: 1652796588.217993
    Accessed Time: 2022-05-18 00:09:48.217993
    Client: 127.0.0.1:55389
    
    Request: GET /v1/trips/142/owner
    Request Query Param: None
    Request Path Param: 
			tripId=142
   
    Response Code: 200
    Process Time: 0.042244911193847656
    ----------------------------------------
    
    Timestamp: 1652796588.259941
    Accessed Time: 2022-05-18 00:09:48.259941
    Client: 127.0.0.1:55395
    
    Request: GET /v1/trips/142/members
    Request Query Param: None
    Request Path Param: 
			tripId=142
   
    Response Code: 200
    Process Time: 0.019345998764038086
    ----------------------------------------
    
    Timestamp: 1652796630.243714
    Accessed Time: 2022-05-18 00:10:30.243714
    Client: 127.0.0.1:55404
    
    Request: GET /v1/trips/142
    Request Query Param: None
    Request Path Param: 
			tripId=142
   
    Response Code: 200
    Process Time: 0.03822493553161621
    ----------------------------------------
    
    Timestamp: 1652796630.284084
    Accessed Time: 2022-05-18 00:10:30.284084
    Client: 127.0.0.1:55404
    
    Request: GET /v1/trips/142
    Request Query Param: None
    Request Path Param: 
			tripId=142
   
    Response Code: 200
    Process Time: 0.07585000991821289
    ----------------------------------------
    
    Timestamp: 1652796630.322034
    Accessed Time: 2022-05-18 00:10:30.322034
    Client: 127.0.0.1:55408
    
    Request: GET /v1/trips/142/owner
    Request Query Param: None
    Request Path Param: 
			tripId=142
   
    Response Code: 200
    Process Time: 0.054894208908081055
    ----------------------------------------
    
    Timestamp: 1652796630.360677
    Accessed Time: 2022-05-18 00:10:30.360677
    Client: 127.0.0.1:55410
    
    Request: GET /v1/trips/142/members
    Request Query Param: None
    Request Path Param: 
			tripId=142
   
    Response Code: 200
    Process Time: 0.017522096633911133
    ----------------------------------------
    
    Timestamp: 1652796651.700055
    Accessed Time: 2022-05-18 00:10:51.700055
    Client: 127.0.0.1:55421
    
    Request: GET /v1/trips/142
    Request Query Param: None
    Request Path Param: 
			tripId=142
   
    Response Code: 200
    Process Time: 0.04220700263977051
    ----------------------------------------
    
    Timestamp: 1652796651.744353
    Accessed Time: 2022-05-18 00:10:51.744353
    Client: 127.0.0.1:55421
    
    Request: GET /v1/trips/142
    Request Query Param: None
    Request Path Param: 
			tripId=142
   
    Response Code: 200
    Process Time: 0.07341504096984863
    ----------------------------------------
    
    Timestamp: 1652796651.782244
    Accessed Time: 2022-05-18 00:10:51.782244
    Client: 127.0.0.1:55425
    
    Request: GET /v1/trips/142/owner
    Request Query Param: None
    Request Path Param: 
			tripId=142
   
    Response Code: 200
    Process Time: 0.055969953536987305
    ----------------------------------------
    
    Timestamp: 1652796651.820351
    Accessed Time: 2022-05-18 00:10:51.820351
    Client: 127.0.0.1:55427
    
    Request: GET /v1/trips/142/members
    Request Query Param: None
    Request Path Param: 
			tripId=142
   
    Response Code: 200
    Process Time: 0.01948404312133789
    ----------------------------------------
    
    Timestamp: 1652796654.307828
    Accessed Time: 2022-05-18 00:10:54.307828
    Client: 127.0.0.1:55427
    
    Request: GET /v1/trips
    Request Query Param: None
    Request Path Param: None
   
    Response Code: 307
    Process Time: 0.0007870197296142578
    ----------------------------------------
    
    Timestamp: 1652796654.31215
    Accessed Time: 2022-05-18 00:10:54.312150
    Client: 127.0.0.1:55427
    
    Request: GET /v1/trips/
    Request Query Param: None
    Request Path Param: None
   
    Response Code: 200
    Process Time: 0.043879032135009766
    ----------------------------------------
    
    Timestamp: 1652796662.951328
    Accessed Time: 2022-05-18 00:11:02.951328
    Client: 127.0.0.1:55431
    
    Request: POST /v1/trips/new
    Request Query Param: None
    Request Path Param: None
   
    Response Code: 200
    Process Time: 0.10103607177734375
    ----------------------------------------
    
    Timestamp: 1652796768.948105
    Accessed Time: 2022-05-18 00:12:48.948105
    Client: 127.0.0.1:55570
    
    Request: POST /v1/trips/new
    Request Query Param: None
    Request Path Param: None
   
    Response Code: 200
    Process Time: 0.09938597679138184
    ----------------------------------------
    
    Timestamp: 1652796828.901861
    Accessed Time: 2022-05-18 00:13:48.901861
    Client: 127.0.0.1:55729
    
    Request: GET /v1/trips
    Request Query Param: None
    Request Path Param: None
   
    Response Code: 307
    Process Time: 0.0009050369262695312
    ----------------------------------------
    
    Timestamp: 1652796828.946818
    Accessed Time: 2022-05-18 00:13:48.946818
    Client: 127.0.0.1:55729
    
    Request: GET /v1/trips/
    Request Query Param: None
    Request Path Param: None
   
    Response Code: 200
    Process Time: 0.03645491600036621
    ----------------------------------------
    
    Timestamp: 1652796831.113921
    Accessed Time: 2022-05-18 00:13:51.113921
    Client: 127.0.0.1:55729
    
    Request: OPTIONS /v1/trips/144
    Request Query Param: None
    Request Path Param: None
   
    Response Code: 200
    Process Time: 0.0009331703186035156
    ----------------------------------------
    
    Timestamp: 1652796831.115538
    Accessed Time: 2022-05-18 00:13:51.115538
    Client: 127.0.0.1:55733
    
    Request: OPTIONS /v1/trips/144
    Request Query Param: None
    Request Path Param: None
   
    Response Code: 200
    Process Time: 0.0008370876312255859
    ----------------------------------------
    
    Timestamp: 1652796831.117802
    Accessed Time: 2022-05-18 00:13:51.117802
    Client: 127.0.0.1:55729
    
    Request: GET /v1/trips/144
    Request Query Param: None
    Request Path Param: 
			tripId=144
   
    Response Code: 200
    Process Time: 0.0458521842956543
    ----------------------------------------
    
    Timestamp: 1652796831.166548
    Accessed Time: 2022-05-18 00:13:51.166548
    Client: 127.0.0.1:55729
    
    Request: GET /v1/trips/144
    Request Query Param: None
    Request Path Param: 
			tripId=144
   
    Response Code: 200
    Process Time: 0.03720402717590332
    ----------------------------------------
    
    Timestamp: 1652796831.203207
    Accessed Time: 2022-05-18 00:13:51.203207
    Client: 127.0.0.1:55735
    
    Request: OPTIONS /v1/trips/144/owner
    Request Query Param: None
    Request Path Param: None
   
    Response Code: 200
    Process Time: 0.0017910003662109375
    ----------------------------------------
    
    Timestamp: 1652796831.204341
    Accessed Time: 2022-05-18 00:13:51.204341
    Client: 127.0.0.1:55737
    
    Request: OPTIONS /v1/trips/144/members
    Request Query Param: None
    Request Path Param: None
   
    Response Code: 200
    Process Time: 0.0018069744110107422
    ----------------------------------------
    
    Timestamp: 1652796831.207903
    Accessed Time: 2022-05-18 00:13:51.207903
    Client: 127.0.0.1:55729
    
    Request: GET /v1/trips/144/owner
    Request Query Param: None
    Request Path Param: 
			tripId=144
   
    Response Code: 200
    Process Time: 0.035490989685058594
    ----------------------------------------
    
    Timestamp: 1652796831.243272
    Accessed Time: 2022-05-18 00:13:51.243272
    Client: 127.0.0.1:55739
    
    Request: GET /v1/trips/144/members
    Request Query Param: None
    Request Path Param: 
			tripId=144
   
    Response Code: 200
    Process Time: 0.018323898315429688
    ----------------------------------------
    
    Timestamp: 1652796869.574614
    Accessed Time: 2022-05-18 00:14:29.574614
    Client: 127.0.0.1:55850
    
    Request: GET /v1/trips/144
    Request Query Param: None
    Request Path Param: 
			tripId=144
   
    Response Code: 200
    Process Time: 0.04286599159240723
    ----------------------------------------
    
    Timestamp: 1652796869.632536
    Accessed Time: 2022-05-18 00:14:29.632536
    Client: 127.0.0.1:55850
    
    Request: GET /v1/trips/144/owner
    Request Query Param: None
    Request Path Param: 
			tripId=144
   
    Response Code: 200
    Process Time: 0.03577303886413574
    ----------------------------------------
    
    Timestamp: 1652796869.668153
    Accessed Time: 2022-05-18 00:14:29.668153
    Client: 127.0.0.1:55852
    
    Request: GET /v1/trips/144/members
    Request Query Param: None
    Request Path Param: 
			tripId=144
   
    Response Code: 200
    Process Time: 0.02048802375793457
    ----------------------------------------
    
    Timestamp: 1652796872.239224
    Accessed Time: 2022-05-18 00:14:32.239224
    Client: 127.0.0.1:55852
    
    Request: GET /v1/updates/
    Request Query Param: 
			location=
			category=document,testing,quarantine
			start=1
			end=5
    Request Path Param: None
   
    Response Code: 200
    Process Time: 0.037483930587768555
    ----------------------------------------
    
    Timestamp: 1652796872.257768
    Accessed Time: 2022-05-18 00:14:32.257768
    Client: 127.0.0.1:55850
    
    Request: GET /v1/updates/
    Request Query Param: 
			location=
			category=mask,Others,tracing,policies
			start=1
			end=5
    Request Path Param: None
   
    Response Code: 200
    Process Time: 0.43628716468811035
    ----------------------------------------
    
    Timestamp: 1652796872.277173
    Accessed Time: 2022-05-18 00:14:32.277173
    Client: 127.0.0.1:55869
    
    Request: GET /v1/articles/
    Request Query Param: 
			start_date=2021-01-01T10:10:10
			end_date=2023-01-01T10:10:10
			key_terms=Corona
			timezone=Australia/Sydney
			start_range=1
			end_range=10
    Request Path Param: None
   
    Response Code: 200
    Process Time: 0.41900086402893066
    ----------------------------------------
    
    Timestamp: 1652796872.277216
    Accessed Time: 2022-05-18 00:14:32.277216
    Client: 127.0.0.1:55870
    
    Request: GET /v1/users/saved
    Request Query Param: None
    Request Path Param: None
   
    Response Code: 200
    Process Time: 0.41962504386901855
    ----------------------------------------
    
    Timestamp: 1652796872.697214
    Accessed Time: 2022-05-18 00:14:32.697214
    Client: 127.0.0.1:55874
    
    Request: GET /v1/cases
    Request Query Param: None
    Request Path Param: None
   
    Response Code: 307
    Process Time: 0.0023000240325927734
    ----------------------------------------
    
    Timestamp: 1652796872.704779
    Accessed Time: 2022-05-18 00:14:32.704779
    Client: 127.0.0.1:55874
    
    Request: GET /v1/cases/
    Request Query Param: None
    Request Path Param: None
   
    Response Code: 200
    Process Time: 0.5497009754180908
    ----------------------------------------
    
    Timestamp: 1652796877.13795
    Accessed Time: 2022-05-18 00:14:37.137950
    Client: 127.0.0.1:55874
    
    Request: GET /v1/locations/
    Request Query Param: None
    Request Path Param: None
   
    Response Code: 200
    Process Time: 0.6745829582214355
    ----------------------------------------
    
    Timestamp: 1652796877.869704
    Accessed Time: 2022-05-18 00:14:37.869704
    Client: 127.0.0.1:55874
    
    Request: GET /v1/users/saved
    Request Query Param: None
    Request Path Param: None
   
    Response Code: 200
    Process Time: 0.018922090530395508
    ----------------------------------------
    
    Timestamp: 1652796885.288063
    Accessed Time: 2022-05-18 00:14:45.288063
    Client: 127.0.0.1:55955
    
    Request: GET /v1/locations/
    Request Query Param: None
    Request Path Param: None
   
    Response Code: 200
    Process Time: 0.6939330101013184
    ----------------------------------------
    
    Timestamp: 1652796886.043408
    Accessed Time: 2022-05-18 00:14:46.043408
    Client: 127.0.0.1:55965
    
    Request: GET /v1/trips
    Request Query Param: None
    Request Path Param: None
   
    Response Code: 307
    Process Time: 0.00034308433532714844
    ----------------------------------------
    
    Timestamp: 1652796886.05451
    Accessed Time: 2022-05-18 00:14:46.054510
    Client: 127.0.0.1:55965
    
    Request: GET /v1/trips/
    Request Query Param: None
    Request Path Param: None
   
    Response Code: 200
    Process Time: 0.03418278694152832
    ----------------------------------------
    
    Timestamp: 1652796887.863945
    Accessed Time: 2022-05-18 00:14:47.863945
    Client: 127.0.0.1:55965
    
    Request: GET /v1/updates/
    Request Query Param: 
			location=
			category=document,testing,quarantine
			start=1
			end=5
    Request Path Param: None
   
    Response Code: 200
    Process Time: 0.019536972045898438
    ----------------------------------------
    
    Timestamp: 1652796887.884506
    Accessed Time: 2022-05-18 00:14:47.884506
    Client: 127.0.0.1:55977
    
    Request: GET /v1/updates/
    Request Query Param: 
			location=
			category=mask,Others,tracing,policies
			start=1
			end=5
    Request Path Param: None
   
    Response Code: 200
    Process Time: 0.41812992095947266
    ----------------------------------------
    
    Timestamp: 1652796887.884695
    Accessed Time: 2022-05-18 00:14:47.884695
    Client: 127.0.0.1:55979
    
    Request: GET /v1/articles/
    Request Query Param: 
			start_date=2021-01-01T10:10:10
			end_date=2023-01-01T10:10:10
			key_terms=Corona
			timezone=Australia/Sydney
			start_range=1
			end_range=10
    Request Path Param: None
   
    Response Code: 200
    Process Time: 0.41872596740722656
    ----------------------------------------
    
    Timestamp: 1652796887.884845
    Accessed Time: 2022-05-18 00:14:47.884845
    Client: 127.0.0.1:55981
    
    Request: GET /v1/users/saved
    Request Query Param: None
    Request Path Param: None
   
    Response Code: 200
    Process Time: 0.41902995109558105
    ----------------------------------------
    
    Timestamp: 1652796888.304281
    Accessed Time: 2022-05-18 00:14:48.304281
    Client: 127.0.0.1:55983
    
    Request: GET /v1/cases
    Request Query Param: None
    Request Path Param: None
   
    Response Code: 307
    Process Time: 0.003951072692871094
    ----------------------------------------
    
    Timestamp: 1652796888.315666
    Accessed Time: 2022-05-18 00:14:48.315666
    Client: 127.0.0.1:55983
    
    Request: GET /v1/cases/
    Request Query Param: None
    Request Path Param: None
   
    Response Code: 200
    Process Time: 0.5324640274047852
    ----------------------------------------
    
    Timestamp: 1652796894.681812
    Accessed Time: 2022-05-18 00:14:54.681812
    Client: 127.0.0.1:56020
    
    Request: GET /v1/trips
    Request Query Param: None
    Request Path Param: None
   
    Response Code: 307
    Process Time: 0.0003459453582763672
    ----------------------------------------
    
    Timestamp: 1652796894.691388
    Accessed Time: 2022-05-18 00:14:54.691388
    Client: 127.0.0.1:56020
    
    Request: GET /v1/trips/
    Request Query Param: None
    Request Path Param: None
   
    Response Code: 200
    Process Time: 0.03641009330749512
    ----------------------------------------
    
    Timestamp: 1652796904.392427
    Accessed Time: 2022-05-18 00:15:04.392427
    Client: 127.0.0.1:56060
    
    Request: POST /v1/trips/new
    Request Query Param: None
    Request Path Param: None
   
    Response Code: 200
    Process Time: 0.10723400115966797
    ----------------------------------------
    
    Timestamp: 1652796947.026585
    Accessed Time: 2022-05-18 00:15:47.026585
    Client: 127.0.0.1:56226
    
    Request: OPTIONS /v1/trips
    Request Query Param: None
    Request Path Param: None
   
    Response Code: 200
    Process Time: 0.0004038810729980469
    ----------------------------------------
    
    Timestamp: 1652796947.028837
    Accessed Time: 2022-05-18 00:15:47.028837
    Client: 127.0.0.1:56226
    
    Request: GET /v1/trips
    Request Query Param: None
    Request Path Param: None
   
    Response Code: 307
    Process Time: 0.0008461475372314453
    ----------------------------------------
    
    Timestamp: 1652796947.033661
    Accessed Time: 2022-05-18 00:15:47.033661
    Client: 127.0.0.1:56226
    
    Request: OPTIONS /v1/trips/
    Request Query Param: None
    Request Path Param: None
   
    Response Code: 200
    Process Time: 0.0004830360412597656
    ----------------------------------------
    
    Timestamp: 1652796947.036165
    Accessed Time: 2022-05-18 00:15:47.036165
    Client: 127.0.0.1:56226
    
    Request: GET /v1/trips/
    Request Query Param: None
    Request Path Param: None
   
    Response Code: 200
    Process Time: 0.03800010681152344
    ----------------------------------------
    
    Timestamp: 1652797096.877773
    Accessed Time: 2022-05-18 00:18:16.877773
    Client: 127.0.0.1:56253
    
    Request: OPTIONS /v1/trips/new
    Request Query Param: None
    Request Path Param: None
   
    Response Code: 200
    Process Time: 0.0004329681396484375
    ----------------------------------------
    
    Timestamp: 1652797096.880617
    Accessed Time: 2022-05-18 00:18:16.880617
    Client: 127.0.0.1:56253
    
    Request: POST /v1/trips/new
    Request Query Param: None
    Request Path Param: None
   
    Response Code: 422
    Process Time: 0.0025081634521484375
    ----------------------------------------
    
    Timestamp: 1652797120.961039
    Accessed Time: 2022-05-18 00:18:40.961039
    Client: 127.0.0.1:56332
    
    Request: POST /v1/trips/new
    Request Query Param: None
    Request Path Param: None
   
    Response Code: 422
    Process Time: 0.0005409717559814453
    ----------------------------------------
    
    Timestamp: 1652797129.728126
    Accessed Time: 2022-05-18 00:18:49.728126
    Client: 127.0.0.1:56341
    
    Request: GET /v1/trips
    Request Query Param: None
    Request Path Param: None
   
    Response Code: 307
    Process Time: 0.000782012939453125
    ----------------------------------------
    
    Timestamp: 1652797129.73422
    Accessed Time: 2022-05-18 00:18:49.734220
    Client: 127.0.0.1:56341
    
    Request: GET /v1/trips/
    Request Query Param: None
    Request Path Param: None
   
    Response Code: 200
    Process Time: 0.04364800453186035
    ----------------------------------------
    
    Timestamp: 1652797131.936827
    Accessed Time: 2022-05-18 00:18:51.936827
    Client: 127.0.0.1:56341
    
    Request: POST /v1/trips/new
    Request Query Param: None
    Request Path Param: None
   
    Response Code: 422
    Process Time: 0.0016529560089111328
    ----------------------------------------
    
    Timestamp: 1652797183.0395
    Accessed Time: 2022-05-18 00:19:43.039500
    Client: 127.0.0.1:56347
    
    Request: POST /v1/trips/new
    Request Query Param: None
    Request Path Param: None
   
    Response Code: 422
    Process Time: 0.0006260871887207031
    ----------------------------------------
    
    Timestamp: 1652797190.679005
    Accessed Time: 2022-05-18 00:19:50.679005
    Client: 127.0.0.1:56357
    
    Request: GET /v1/trips
    Request Query Param: None
    Request Path Param: None
   
    Response Code: 307
    Process Time: 0.0008821487426757812
    ----------------------------------------
    
    Timestamp: 1652797190.68348
    Accessed Time: 2022-05-18 00:19:50.683480
    Client: 127.0.0.1:56357
    
    Request: GET /v1/trips/
    Request Query Param: None
    Request Path Param: None
   
    Response Code: 200
    Process Time: 0.04035496711730957
    ----------------------------------------
    
    Timestamp: 1652797198.703645
    Accessed Time: 2022-05-18 00:19:58.703645
    Client: 127.0.0.1:56362
    
    Request: POST /v1/trips/new
    Request Query Param: None
    Request Path Param: None
   
    Response Code: 422
    Process Time: 0.0007860660552978516
    ----------------------------------------
    
    Timestamp: 1652797250.008436
    Accessed Time: 2022-05-18 00:20:50.008436
    Client: 127.0.0.1:56375
    
    Request: GET /v1/trips
    Request Query Param: None
    Request Path Param: None
   
    Response Code: 307
    Process Time: 0.0007369518280029297
    ----------------------------------------
    
    Timestamp: 1652797250.012944
    Accessed Time: 2022-05-18 00:20:50.012944
    Client: 127.0.0.1:56375
    
    Request: GET /v1/trips/
    Request Query Param: None
    Request Path Param: None
   
    Response Code: 200
    Process Time: 0.0411679744720459
    ----------------------------------------
    
    Timestamp: 1652797251.852089
    Accessed Time: 2022-05-18 00:20:51.852089
    Client: 127.0.0.1:56375
    
    Request: POST /v1/trips/new
    Request Query Param: None
    Request Path Param: None
   
    Response Code: 422
    Process Time: 0.0016820430755615234
    ----------------------------------------
    
    Timestamp: 1652797264.367125
    Accessed Time: 2022-05-18 00:21:04.367125
    Client: 127.0.0.1:56387
    
    Request: OPTIONS /v1/trips/0
    Request Query Param: None
    Request Path Param: None
   
    Response Code: 200
    Process Time: 0.0008120536804199219
    ----------------------------------------
    
    Timestamp: 1652797264.367553
    Accessed Time: 2022-05-18 00:21:04.367553
    Client: 127.0.0.1:56389
    
    Request: OPTIONS /v1/trips/0
    Request Query Param: None
    Request Path Param: None
   
    Response Code: 200
    Process Time: 0.002134084701538086
    ----------------------------------------
    
    Timestamp: 1652797264.373701
    Accessed Time: 2022-05-18 00:21:04.373701
    Client: 127.0.0.1:56391
    
    Request: GET /v1/trips/0
    Request Query Param: None
    Request Path Param: 
			tripId=0
   
    Response Code: 401
    Process Time: 0.025501012802124023
    ----------------------------------------
    
    Timestamp: 1652797264.401717
    Accessed Time: 2022-05-18 00:21:04.401717
    Client: 127.0.0.1:56391
    
    Request: GET /v1/trips/0
    Request Query Param: None
    Request Path Param: 
			tripId=0
   
    Response Code: 401
    Process Time: 0.018934965133666992
    ----------------------------------------
    
    Timestamp: 1652797271.081453
    Accessed Time: 2022-05-18 00:21:11.081453
    Client: 127.0.0.1:56393
    
    Request: GET /v1/updates/
    Request Query Param: 
			location=
			category=document,testing,quarantine
			start=1
			end=5
    Request Path Param: None
   
    Response Code: 200
    Process Time: 0.021116018295288086
    ----------------------------------------
    
    Timestamp: 1652797271.10156
    Accessed Time: 2022-05-18 00:21:11.101560
    Client: 127.0.0.1:56401
    
    Request: GET /v1/updates/
    Request Query Param: 
			location=
			category=mask,Others,tracing,policies
			start=1
			end=5
    Request Path Param: None
   
    Response Code: 200
    Process Time: 0.02182483673095703
    ----------------------------------------
    
    Timestamp: 1652797271.121608
    Accessed Time: 2022-05-18 00:21:11.121608
    Client: 127.0.0.1:56404
    
    Request: OPTIONS /v1/articles/
    Request Query Param: 
			start_date=2021-01-01T10:10:10
			end_date=2023-01-01T10:10:10
			key_terms=Corona
			timezone=Australia/Sydney
			start_range=1
			end_range=10
    Request Path Param: None
   
    Response Code: 200
    Process Time: 0.004745006561279297
    ----------------------------------------
    
    Timestamp: 1652797271.121765
    Accessed Time: 2022-05-18 00:21:11.121765
    Client: 127.0.0.1:56405
    
    Request: OPTIONS /v1/users/saved
    Request Query Param: None
    Request Path Param: None
   
    Response Code: 200
    Process Time: 0.005546092987060547
    ----------------------------------------
    
    Timestamp: 1652797271.125763
    Accessed Time: 2022-05-18 00:21:11.125763
    Client: 127.0.0.1:56409
    
    Request: GET /v1/cases
    Request Query Param: None
    Request Path Param: None
   
    Response Code: 307
    Process Time: 0.004409074783325195
    ----------------------------------------
    
    Timestamp: 1652797271.133065
    Accessed Time: 2022-05-18 00:21:11.133065
    Client: 127.0.0.1:56405
    
    Request: GET /v1/articles/
    Request Query Param: 
			start_date=2021-01-01T10:10:10
			end_date=2023-01-01T10:10:10
			key_terms=Corona
			timezone=Australia/Sydney
			start_range=1
			end_range=10
    Request Path Param: None
   
    Response Code: 200
    Process Time: 0.9934549331665039
    ----------------------------------------
    
    Timestamp: 1652797271.553399
    Accessed Time: 2022-05-18 00:21:11.553399
    Client: 127.0.0.1:56404
    
    Request: GET /v1/users/saved
    Request Query Param: None
    Request Path Param: None
   
    Response Code: 200
    Process Time: 0.5739610195159912
    ----------------------------------------
    
    Timestamp: 1652797271.571952
    Accessed Time: 2022-05-18 00:21:11.571952
    Client: 127.0.0.1:56401
    
    Request: GET /v1/cases/
    Request Query Param: None
    Request Path Param: None
   
    Response Code: 200
    Process Time: 0.5560410022735596
    ----------------------------------------
    
    Timestamp: 1652797303.051365
    Accessed Time: 2022-05-18 00:21:43.051365
    Client: 127.0.0.1:56420
    
    Request: GET /v1/users/saved
    Request Query Param: None
    Request Path Param: None
   
    Response Code: 200
    Process Time: 0.02086615562438965
    ----------------------------------------
    
    Timestamp: 1652797303.082081
    Accessed Time: 2022-05-18 00:21:43.082081
    Client: 127.0.0.1:56420
    
    Request: GET /v1/updates/
    Request Query Param: 
			location=
			category=
    Request Path Param: None
   
    Response Code: 200
    Process Time: 0.028540849685668945
    ----------------------------------------
    
    Timestamp: 1652797304.692095
    Accessed Time: 2022-05-18 00:21:44.692095
    Client: 127.0.0.1:56420
    
    Request: GET /v1/trips
    Request Query Param: None
    Request Path Param: None
   
    Response Code: 307
    Process Time: 0.0007288455963134766
    ----------------------------------------
    
    Timestamp: 1652797304.695788
    Accessed Time: 2022-05-18 00:21:44.695788
    Client: 127.0.0.1:56420
    
    Request: GET /v1/trips/
    Request Query Param: None
    Request Path Param: None
   
    Response Code: 200
    Process Time: 0.036828041076660156
    ----------------------------------------
    
    Timestamp: 1652797315.978748
    Accessed Time: 2022-05-18 00:21:55.978748
    Client: 127.0.0.1:56428
    
    Request: POST /v1/trips/new
    Request Query Param: None
    Request Path Param: None
   
    Response Code: 200
    Process Time: 0.10983896255493164
    ----------------------------------------
    
    Timestamp: 1652797327.050799
    Accessed Time: 2022-05-18 00:22:07.050799
    Client: 127.0.0.1:56437
    
    Request: POST /v1/trips/new
    Request Query Param: None
    Request Path Param: None
   
    Response Code: 200
    Process Time: 0.10200619697570801
    ----------------------------------------
    
    Timestamp: 1652797411.107395
    Accessed Time: 2022-05-18 00:23:31.107395
    Client: 127.0.0.1:56453
    
    Request: OPTIONS /v1/trips/new/city
    Request Query Param: None
    Request Path Param: None
   
    Response Code: 200
    Process Time: 0.0004391670227050781
    ----------------------------------------
    
    Timestamp: 1652797411.110503
    Accessed Time: 2022-05-18 00:23:31.110503
    Client: 127.0.0.1:56455
    
    Request: POST /v1/trips/new/city
    Request Query Param: None
    Request Path Param: None
   
    Response Code: 200
    Process Time: 0.1583709716796875
    ----------------------------------------
    
    Timestamp: 1652797412.443448
    Accessed Time: 2022-05-18 00:23:32.443448
    Client: 127.0.0.1:56455
    
    Request: OPTIONS /v1/trips/147
    Request Query Param: None
    Request Path Param: None
   
    Response Code: 200
    Process Time: 0.0012099742889404297
    ----------------------------------------
    
    Timestamp: 1652797412.444462
    Accessed Time: 2022-05-18 00:23:32.444462
    Client: 127.0.0.1:56457
    
    Request: OPTIONS /v1/trips/147
    Request Query Param: None
    Request Path Param: None
   
    Response Code: 200
    Process Time: 0.0016200542449951172
    ----------------------------------------
    
    Timestamp: 1652797412.449007
    Accessed Time: 2022-05-18 00:23:32.449007
    Client: 127.0.0.1:56455
    
    Request: GET /v1/trips/147
    Request Query Param: None
    Request Path Param: 
			tripId=147
   
    Response Code: 200
    Process Time: 0.06141495704650879
    ----------------------------------------
    
    Timestamp: 1652797412.512392
    Accessed Time: 2022-05-18 00:23:32.512392
    Client: 127.0.0.1:56455
    
    Request: GET /v1/trips/147
    Request Query Param: None
    Request Path Param: 
			tripId=147
   
    Response Code: 200
    Process Time: 0.059107065200805664
    ----------------------------------------
    
    Timestamp: 1652797412.569845
    Accessed Time: 2022-05-18 00:23:32.569845
    Client: 127.0.0.1:56459
    
    Request: OPTIONS /v1/trips/147/owner
    Request Query Param: None
    Request Path Param: None
   
    Response Code: 200
    Process Time: 0.0034570693969726562
    ----------------------------------------
    
    Timestamp: 1652797412.572344
    Accessed Time: 2022-05-18 00:23:32.572344
    Client: 127.0.0.1:56461
    
    Request: OPTIONS /v1/trips/147/members
    Request Query Param: None
    Request Path Param: None
   
    Response Code: 200
    Process Time: 0.0027420520782470703
    ----------------------------------------
    
    Timestamp: 1652797412.572463
    Accessed Time: 2022-05-18 00:23:32.572463
    Client: 127.0.0.1:56463
    
    Request: OPTIONS /v1/trips/147/121
    Request Query Param: None
    Request Path Param: None
   
    Response Code: 200
    Process Time: 0.003228902816772461
    ----------------------------------------
    
    Timestamp: 1652797412.577789
    Accessed Time: 2022-05-18 00:23:32.577789
    Client: 127.0.0.1:56455
    
    Request: GET /v1/trips/147/owner
    Request Query Param: None
    Request Path Param: 
			tripId=147
   
    Response Code: 200
    Process Time: 0.03672504425048828
    ----------------------------------------
    
    Timestamp: 1652797412.614258
    Accessed Time: 2022-05-18 00:23:32.614258
    Client: 127.0.0.1:56470
    
    Request: GET /v1/trips/147/members
    Request Query Param: None
    Request Path Param: 
			tripId=147
   
    Response Code: 200
    Process Time: 0.07244396209716797
    ----------------------------------------
    
    Timestamp: 1652797412.614393
    Accessed Time: 2022-05-18 00:23:32.614393
    Client: 127.0.0.1:56471
    
    Request: GET /v1/trips/147/121
    Request Query Param: None
    Request Path Param: 
			tripId=147
			cityId=121
   
    Response Code: 200
    Process Time: 0.07296609878540039
    ----------------------------------------
    
    Timestamp: 1652797426.020493
    Accessed Time: 2022-05-18 00:23:46.020493
    Client: 127.0.0.1:56484
    
    Request: OPTIONS /v1/users/login
    Request Query Param: None
    Request Path Param: None
   
    Response Code: 200
    Process Time: 0.00084686279296875
    ----------------------------------------
    
    Timestamp: 1652797426.024293
    Accessed Time: 2022-05-18 00:23:46.024293
    Client: 127.0.0.1:56484
    
    Request: POST /v1/users/login
    Request Query Param: None
    Request Path Param: None
   
    Response Code: 401
    Process Time: 0.01857900619506836
    ----------------------------------------
    
    Timestamp: 1652797426.125615
    Accessed Time: 2022-05-18 00:23:46.125615
    Client: 127.0.0.1:56484
    
    Request: GET /v1/updates/
    Request Query Param: 
			location=
			category=document,testing,quarantine
			start=1
			end=5
    Request Path Param: None
   
    Response Code: 200
    Process Time: 0.0203092098236084
    ----------------------------------------
    
    Timestamp: 1652797426.145471
    Accessed Time: 2022-05-18 00:23:46.145471
    Client: 127.0.0.1:56486
    
    Request: GET /v1/updates/
    Request Query Param: 
			location=
			category=mask,Others,tracing,policies
			start=1
			end=5
    Request Path Param: None
   
    Response Code: 200
    Process Time: 0.42885684967041016
    ----------------------------------------
    
    Timestamp: 1652797426.145613
    Accessed Time: 2022-05-18 00:23:46.145613
    Client: 127.0.0.1:56488
    
    Request: GET /v1/articles/
    Request Query Param: 
			start_date=2021-01-01T10:10:10
			end_date=2023-01-01T10:10:10
			key_terms=Corona
			timezone=Australia/Sydney
			start_range=1
			end_range=10
    Request Path Param: None
   
    Response Code: 200
    Process Time: 0.4294569492340088
    ----------------------------------------
    
    Timestamp: 1652797426.57242
    Accessed Time: 2022-05-18 00:23:46.572420
    Client: 127.0.0.1:56490
    
    Request: GET /v1/users/saved
    Request Query Param: None
    Request Path Param: None
   
    Response Code: 401
    Process Time: 0.004144191741943359
    ----------------------------------------
    
    Timestamp: 1652797426.575618
    Accessed Time: 2022-05-18 00:23:46.575618
    Client: 127.0.0.1:56492
    
    Request: GET /v1/cases
    Request Query Param: None
    Request Path Param: None
   
    Response Code: 307
    Process Time: 0.0036420822143554688
    ----------------------------------------
    
    Timestamp: 1652797426.585246
    Accessed Time: 2022-05-18 00:23:46.585246
    Client: 127.0.0.1:56492
    
    Request: GET /v1/cases/
    Request Query Param: None
    Request Path Param: None
   
    Response Code: 200
    Process Time: 0.5518929958343506
    ----------------------------------------
    
    Timestamp: 1652797428.271945
    Accessed Time: 2022-05-18 00:23:48.271945
    Client: 127.0.0.1:56492
    
    Request: GET /v1/trips
    Request Query Param: None
    Request Path Param: None
   
    Response Code: 307
    Process Time: 0.0007319450378417969
    ----------------------------------------
    
    Timestamp: 1652797428.275045
    Accessed Time: 2022-05-18 00:23:48.275045
    Client: 127.0.0.1:56492
    
    Request: GET /v1/trips/
    Request Query Param: None
    Request Path Param: None
   
    Response Code: 401
    Process Time: 0.001104116439819336
    ----------------------------------------
    
    Timestamp: 1652797443.112521
    Accessed Time: 2022-05-18 00:24:03.112521
    Client: 127.0.0.1:56509
    
    Request: POST /v1/users/login
    Request Query Param: None
    Request Path Param: None
   
    Response Code: 401
    Process Time: 0.026293039321899414
    ----------------------------------------
    
    Timestamp: 1652797443.202579
    Accessed Time: 2022-05-18 00:24:03.202579
    Client: 127.0.0.1:56509
    
    Request: GET /v1/updates/
    Request Query Param: 
			location=
			category=document,testing,quarantine
			start=1
			end=5
    Request Path Param: None
   
    Response Code: 200
    Process Time: 0.021910905838012695
    ----------------------------------------
    
    Timestamp: 1652797443.223987
    Accessed Time: 2022-05-18 00:24:03.223987
    Client: 127.0.0.1:56511
    
    Request: GET /v1/updates/
    Request Query Param: 
			location=
			category=mask,Others,tracing,policies
			start=1
			end=5
    Request Path Param: None
   
    Response Code: 200
    Process Time: 0.4132359027862549
    ----------------------------------------
    
    Timestamp: 1652797443.224195
    Accessed Time: 2022-05-18 00:24:03.224195
    Client: 127.0.0.1:56514
    
    Request: GET /v1/articles/
    Request Query Param: 
			start_date=2021-01-01T10:10:10
			end_date=2023-01-01T10:10:10
			key_terms=Corona
			timezone=Australia/Sydney
			start_range=1
			end_range=10
    Request Path Param: None
   
    Response Code: 200
    Process Time: 0.416287899017334
    ----------------------------------------
    
    Timestamp: 1652797443.224303
    Accessed Time: 2022-05-18 00:24:03.224303
    Client: 127.0.0.1:56515
    
    Request: GET /v1/users/saved
    Request Query Param: None
    Request Path Param: None
   
    Response Code: 401
    Process Time: 0.4168999195098877
    ----------------------------------------
    
    Timestamp: 1652797443.641846
    Accessed Time: 2022-05-18 00:24:03.641846
    Client: 127.0.0.1:56517
    
    Request: GET /v1/cases
    Request Query Param: None
    Request Path Param: None
   
    Response Code: 307
    Process Time: 0.00427699089050293
    ----------------------------------------
    
    Timestamp: 1652797443.651138
    Accessed Time: 2022-05-18 00:24:03.651138
    Client: 127.0.0.1:56517
    
    Request: GET /v1/cases/
    Request Query Param: None
    Request Path Param: None
   
    Response Code: 200
    Process Time: 0.5501630306243896
    ----------------------------------------
    
    Timestamp: 1652797444.955221
    Accessed Time: 2022-05-18 00:24:04.955221
    Client: 127.0.0.1:56517
    
    Request: GET /v1/trips
    Request Query Param: None
    Request Path Param: None
   
    Response Code: 307
    Process Time: 0.0008120536804199219
    ----------------------------------------
    
    Timestamp: 1652797444.960599
    Accessed Time: 2022-05-18 00:24:04.960599
    Client: 127.0.0.1:56517
    
    Request: GET /v1/trips/
    Request Query Param: None
    Request Path Param: None
   
    Response Code: 401
    Process Time: 0.0010440349578857422
    ----------------------------------------
    
    Timestamp: 1652797472.429198
    Accessed Time: 2022-05-18 00:24:32.429198
    Client: 127.0.0.1:56525
    
    Request: POST /v1/trips/new
    Request Query Param: None
    Request Path Param: None
   
    Response Code: 422
    Process Time: 0.0014629364013671875
    ----------------------------------------
    
    Timestamp: 1652797516.290099
    Accessed Time: 2022-05-18 00:25:16.290099
    Client: 127.0.0.1:56533
    
    Request: POST /v1/trips/new
    Request Query Param: None
    Request Path Param: None
   
    Response Code: 422
    Process Time: 0.0006380081176757812
    ----------------------------------------
    
    Timestamp: 1652797616.920917
    Accessed Time: 2022-05-18 00:26:56.920917
    Client: 127.0.0.1:56561
    
    Request: POST /v1/trips/new
    Request Query Param: None
    Request Path Param: None
   
    Response Code: 422
    Process Time: 0.0010318756103515625
    ----------------------------------------
    
    Timestamp: 1652797622.112874
    Accessed Time: 2022-05-18 00:27:02.112874
    Client: 127.0.0.1:56565
    
    Request: POST /v1/trips/new
    Request Query Param: None
    Request Path Param: None
   
    Response Code: 422
    Process Time: 0.0026099681854248047
    ----------------------------------------
    
    Timestamp: 1652797636.761396
    Accessed Time: 2022-05-18 00:27:16.761396
    Client: 127.0.0.1:56570
    
    Request: POST /v1/trips/new
    Request Query Param: None
    Request Path Param: None
   
    Response Code: 422
    Process Time: 0.0006320476531982422
    ----------------------------------------
    
    Timestamp: 1652797653.400949
    Accessed Time: 2022-05-18 00:27:33.400949
    Client: 127.0.0.1:56581
    
    Request: POST /v1/trips/new
    Request Query Param: None
    Request Path Param: None
   
    Response Code: 422
    Process Time: 0.0007610321044921875
    ----------------------------------------
    
    Timestamp: 1652797661.45351
    Accessed Time: 2022-05-18 00:27:41.453510
    Client: 127.0.0.1:56585
    
    Request: POST /v1/trips/new
    Request Query Param: None
    Request Path Param: None
   
    Response Code: 401
    Process Time: 0.002034902572631836
    ----------------------------------------
    
    Timestamp: 1652797692.879524
    Accessed Time: 2022-05-18 00:28:12.879524
    Client: 127.0.0.1:56590
    
    Request: POST /v1/trips/new
    Request Query Param: None
    Request Path Param: None
   
    Response Code: 401
    Process Time: 0.0006151199340820312
    ----------------------------------------
    
    Timestamp: 1652797731.187594
    Accessed Time: 2022-05-18 00:28:51.187594
    Client: 127.0.0.1:56603
    
    Request: OPTIONS /v1/trips/new
    Request Query Param: None
    Request Path Param: None
   
    Response Code: 200
    Process Time: 0.0003039836883544922
    ----------------------------------------
    
    Timestamp: 1652797731.18986
    Accessed Time: 2022-05-18 00:28:51.189860
    Client: 127.0.0.1:56603
    
    Request: POST /v1/trips/new
    Request Query Param: None
    Request Path Param: None
   
    Response Code: 401
    Process Time: 0.0009109973907470703
    ----------------------------------------
    
    Timestamp: 1652797738.134653
    Accessed Time: 2022-05-18 00:28:58.134653
    Client: 127.0.0.1:56606
    
    Request: POST /v1/trips/new
    Request Query Param: None
    Request Path Param: None
   
    Response Code: 401
    Process Time: 0.0014188289642333984
    ----------------------------------------
    
    Timestamp: 1652797807.938525
    Accessed Time: 2022-05-18 00:30:07.938525
    Client: 127.0.0.1:56618
    
    Request: POST /v1/trips/new
    Request Query Param: None
    Request Path Param: None
   
    Response Code: 401
    Process Time: 0.0013880729675292969
    ----------------------------------------
    
    Timestamp: 1652797859.852521
    Accessed Time: 2022-05-18 00:30:59.852521
    Client: 127.0.0.1:56727
    
    Request: POST /v1/trips/new
    Request Query Param: None
    Request Path Param: None
   
    Response Code: 401
    Process Time: 0.0015211105346679688
    ----------------------------------------
    
    Timestamp: 1652797874.127945
    Accessed Time: 2022-05-18 00:31:14.127945
    Client: 127.0.0.1:56734
    
    Request: POST /v1/trips/new
    Request Query Param: None
    Request Path Param: None
   
    Response Code: 401
    Process Time: 0.0015120506286621094
    ----------------------------------------
    
    Timestamp: 1652797997.125794
    Accessed Time: 2022-05-18 00:33:17.125794
    Client: 127.0.0.1:57186
    
    Request: OPTIONS /v1/trips
    Request Query Param: None
    Request Path Param: None
   
    Response Code: 200
    Process Time: 0.0002231597900390625
    ----------------------------------------
    
    Timestamp: 1652797997.127533
    Accessed Time: 2022-05-18 00:33:17.127533
    Client: 127.0.0.1:57186
    
    Request: GET /v1/trips
    Request Query Param: None
    Request Path Param: None
   
    Response Code: 307
    Process Time: 0.0003390312194824219
    ----------------------------------------
    
    Timestamp: 1652797997.131115
    Accessed Time: 2022-05-18 00:33:17.131115
    Client: 127.0.0.1:57186
    
    Request: OPTIONS /v1/trips/
    Request Query Param: None
    Request Path Param: None
   
    Response Code: 200
    Process Time: 0.00045299530029296875
    ----------------------------------------
    
    Timestamp: 1652797997.133437
    Accessed Time: 2022-05-18 00:33:17.133437
    Client: 127.0.0.1:57186
    
    Request: GET /v1/trips/
    Request Query Param: None
    Request Path Param: None
   
    Response Code: 401
    Process Time: 0.0005161762237548828
    ----------------------------------------
    
    Timestamp: 1652798022.309715
    Accessed Time: 2022-05-18 00:33:42.309715
    Client: 127.0.0.1:57194
    
    Request: POST /v1/trips/new
    Request Query Param: None
    Request Path Param: None
   
    Response Code: 422
    Process Time: 0.0015740394592285156
    ----------------------------------------
    
    Timestamp: 1652798077.096205
    Accessed Time: 2022-05-18 00:34:37.096205
    Client: 127.0.0.1:57209
    
    Request: POST /v1/trips/new
    Request Query Param: None
    Request Path Param: None
   
    Response Code: 422
    Process Time: 0.002132892608642578
    ----------------------------------------
    
    Timestamp: 1652798117.856226
    Accessed Time: 2022-05-18 00:35:17.856226
    Client: 127.0.0.1:57223
    
    Request: POST /v1/trips/new
    Request Query Param: None
    Request Path Param: None
   
    Response Code: 422
    Process Time: 0.0009210109710693359
    ----------------------------------------
    
    Timestamp: 1652798122.372389
    Accessed Time: 2022-05-18 00:35:22.372389
    Client: 127.0.0.1:57223
    
    Request: POST /v1/trips/new
    Request Query Param: None
    Request Path Param: None
   
    Response Code: 422
    Process Time: 0.0013279914855957031
    ----------------------------------------
    
    Timestamp: 1652798252.222814
    Accessed Time: 2022-05-18 00:37:32.222814
    Client: 127.0.0.1:57245
    
    Request: POST /v1/trips/new
    Request Query Param: None
    Request Path Param: None
   
    Response Code: 422
    Process Time: 0.0006937980651855469
    ----------------------------------------
    