
    Timestamp: 1652190218.829494
    Accessed Time: 2022-05-10 23:43:38.829494
    Client: 127.0.0.1:48210
    
    Request: GET /v1/articles/
    Request Query Param: 
			start_date=2021-01-01T10:10:10
			end_date=2023-01-01T10:10:10
			key_terms=Corona
			timezone=Australia/Sydney
			start_range=1
			end_range=4
    Request Path Param: None
   
    Response Code: 200
    Process Time: 0.31411194801330566
    ----------------------------------------
    
    Timestamp: 1652190219.143086
    Accessed Time: 2022-05-10 23:43:39.143086
    Client: 127.0.0.1:48214
    
    Request: GET /v1/updates/
    Request Query Param: 
			location=
			category=document,testing,quarantine
			start=1
			end=5
    Request Path Param: None
   
    Response Code: 200
    Process Time: 0.02318716049194336
    ----------------------------------------
    
    Timestamp: 1652190219.143283
    Accessed Time: 2022-05-10 23:43:39.143283
    Client: 127.0.0.1:48216
    
    Request: GET /v1/updates/
    Request Query Param: 
			location=
			category=mask,Others,tracing,policies
			start=1
			end=5
    Request Path Param: None
   
    Response Code: 200
    Process Time: 0.023830175399780273
    ----------------------------------------
    
    Timestamp: 1652190219.143413
    Accessed Time: 2022-05-10 23:43:39.143413
    Client: 127.0.0.1:48218
    
    Request: OPTIONS /v1/users/saved
    Request Query Param: None
    Request Path Param: None
   
    Response Code: 200
    Process Time: 0.0244138240814209
    ----------------------------------------
    
    Timestamp: 1652190219.176212
    Accessed Time: 2022-05-10 23:43:39.176212
    Client: 127.0.0.1:48218
    
    Request: GET /v1/users/saved
    Request Query Param: None
    Request Path Param: None
   
    Response Code: 200
    Process Time: 0.011673927307128906
    ----------------------------------------
    
    Timestamp: 1652190219.363378
    Accessed Time: 2022-05-10 23:43:39.363378
    Client: 127.0.0.1:48218
    
    Request: GET /v1/locations/BE
    Request Query Param: None
    Request Path Param: 
			id=BE
   
    Response Code: 200
    Process Time: 0.02875685691833496
    ----------------------------------------
    
    Timestamp: 1652190219.379295
    Accessed Time: 2022-05-10 23:43:39.379295
    Client: 127.0.0.1:48216
    
    Request: GET /v1/locations/ES
    Request Query Param: None
    Request Path Param: 
			id=ES
   
    Response Code: 200
    Process Time: 0.013301849365234375
    ----------------------------------------
    
    Timestamp: 1652190221.116658
    Accessed Time: 2022-05-10 23:43:41.116658
    Client: 127.0.0.1:48216
    
    Request: GET /v1/cases
    Request Query Param: None
    Request Path Param: None
   
    Response Code: 307
    Process Time: 0.0012409687042236328
    ----------------------------------------
    
    Timestamp: 1652190221.1724
    Accessed Time: 2022-05-10 23:43:41.172400
    Client: 127.0.0.1:48216
    
    Request: GET /v1/cases/
    Request Query Param: None
    Request Path Param: None
   
    Response Code: 200
    Process Time: 0.2063610553741455
    ----------------------------------------
    
    Timestamp: 1652190387.427959
    Accessed Time: 2022-05-10 23:46:27.427959
    Client: 127.0.0.1:48226
    
    Request: GET /v1/locations/BE
    Request Query Param: None
    Request Path Param: 
			id=BE
   
    Response Code: 200
    Process Time: 0.018404006958007812
    ----------------------------------------
    
    Timestamp: 1652190387.561159
    Accessed Time: 2022-05-10 23:46:27.561159
    Client: 127.0.0.1:48226
    
    Request: GET /v1/users/saved
    Request Query Param: None
    Request Path Param: None
   
    Response Code: 200
    Process Time: 0.0077571868896484375
    ----------------------------------------
    
    Timestamp: 1652190389.670387
    Accessed Time: 2022-05-10 23:46:29.670387
    Client: 127.0.0.1:48230
    
    Request: GET /v1/locations/BE/safety
    Request Query Param: None
    Request Path Param: 
			id=BE
   
    Response Code: 200
    Process Time: 0.00801992416381836
    ----------------------------------------
    
    Timestamp: 1652190389.683867
    Accessed Time: 2022-05-10 23:46:29.683867
    Client: 127.0.0.1:48226
    
    Request: GET /v1/locations/BE
    Request Query Param: None
    Request Path Param: 
			id=BE
   
    Response Code: 200
    Process Time: 0.014746904373168945
    ----------------------------------------
    
    Timestamp: 1652190400.682313
    Accessed Time: 2022-05-10 23:46:40.682313
    Client: 127.0.0.1:48236
    
    Request: GET /v1/locations/BE/travel
    Request Query Param: None
    Request Path Param: 
			id=BE
   
    Response Code: 200
    Process Time: 0.010745048522949219
    ----------------------------------------
    